<?xml version="1.0" encoding="UTF-8"?>
<!-- Generated by org.testng.reporters.JUnitXMLReporter -->
<testsuite hostname="AMN" name="ProfileTest" tests="1" failures="1" timestamp="3 Nov 2016 03:44:12 GMT" time="30.804" errors="0">
  <testcase name="ProfileTest3" time="30.775" classname="com.seleniumTest.ProfileTest">
    <failure type="junit.framework.ComparisonFailure" message="expected:&amp;lt;Amazon&amp;gt; but was:&amp;lt;Hello&amp;gt;">
      <![CDATA[junit.framework.ComparisonFailure: expected:<Amazon> but was:<Hello>
	at junit.framework.Assert.assertEquals(Assert.java:81)
	at junit.framework.Assert.assertEquals(Assert.java:87)
	at com.seleniumTest.ProfileTest.ProfileTest3(ProfileTest.java:32)
... Removed 24 stack frames]]>
    </failure>
  </testcase> <!-- ProfileTest3 -->
</testsuite> <!-- ProfileTest -->
